2025-08-22 14:41:01,674 - INFO - Logging initialized. Log file: logs/org_deletion_20250822_144101.log
2025-08-22 14:41:01,893 - INFO - Loaded 25 exclusions from exclusions.txt
2025-08-22 14:41:01,893 - INFO - Fetching orgs page 1...
2025-08-22 14:41:02,066 - INFO - Fetching orgs page 2...
2025-08-22 14:41:02,226 - INFO - Fetching orgs page 3...
2025-08-22 14:41:02,361 - INFO - Fetching orgs page 4...
2025-08-22 14:41:02,493 - INFO - Fetching orgs page 5...
2025-08-22 14:41:02,597 - INFO - Found 404 total organizations
2025-08-22 14:41:02,597 - INFO - Organization 'all_the_projects' (98107928-6a0b-4ee4-8c3f-c474fc0fb098) is in exclusion list - PROTECTED
2025-08-22 14:41:02,597 - INFO - Organization 'bazel_test' (7b73a44a-83dc-44de-9f6d-84ab40866438) is in exclusion list - PROTECTED
2025-08-22 14:41:02,597 - INFO - Organization 'broker admin org' (86e115da-b661-403f-acb4-fb0a2632017a) is in exclusion list - PROTECTED
2025-08-22 14:41:02,597 - INFO - Organization 'business' (a17fbc5c-850d-4fe4-94fe-8517ec452cea) is in exclusion list - PROTECTED
2025-08-22 14:41:02,597 - INFO - Organization 'Checking Exclude Feature' (b94b4b3c-820c-4056-89a4-6b84b640eaf1) is in exclusion list - PROTECTED
2025-08-22 14:41:02,597 - INFO - Organization 'Code_To_Cloud_Demo' (f98cf727-5877-48cc-baf9-5e87ea975eab) is in exclusion list - PROTECTED
2025-08-22 14:41:02,597 - INFO - Organization 'collect-snyk-csv-report' (f89025f0-34e6-461a-8e38-cbd0b3a41c7f) is in exclusion list - PROTECTED
2025-08-22 14:41:02,597 - INFO - Organization 'container playground' (636fa0fb-8502-4833-aa57-a1c3100523a7) belongs to different group - PROTECTED
2025-08-22 14:41:02,597 - INFO - Organization 'cpp-goof' (0ad33a87-db0b-417d-a657-f96c3310b281) is in exclusion list - PROTECTED
2025-08-22 14:41:02,597 - INFO - Organization 'cse_rhicksiii91' (ad985567-c6b5-4d36-8bea-7a6e5f637ce8) belongs to different group - PROTECTED
2025-08-22 14:41:02,597 - INFO - Organization 'cse_snyk-playground' (fd7078bd-f8aa-490e-b0a2-8622d1c6f522) belongs to different group - PROTECTED
2025-08-22 14:41:02,597 - INFO - Organization 'Customer Success Engineers' (e7f3a546-3ed5-42e4-830d-4dc58dc006bc) belongs to different group - PROTECTED
2025-08-22 14:41:02,597 - INFO - Organization 'customer-success-engineers' (2e04cce5-373b-4fc5-b1c7-b9d50dd01fb3) belongs to different group - PROTECTED
2025-08-22 14:41:02,597 - INFO - Organization 'data-architecture-org-new-test' (6b401762-b4e6-4258-be00-122ecaf034b5) belongs to different group - PROTECTED
2025-08-22 14:41:02,597 - INFO - Organization 'data-architecture-org-new-test/goofs' (6758f409-f4a3-4ec2-a0ea-ed9cae0a7d7a) belongs to different group - PROTECTED
2025-08-22 14:41:02,597 - INFO - Organization 'data-architecture-org-new-test/java-goof-test' (fccf1c9e-02a2-4024-8c2f-c0cbd734921b) belongs to different group - PROTECTED
2025-08-22 14:41:02,597 - INFO - Organization 'data-architecture-org-new-test/juice-shop' (e246e074-d7c6-4091-919c-9fe1926e8a9e) belongs to different group - PROTECTED
2025-08-22 14:41:02,597 - INFO - Organization 'data-architecture-org-new-test/test-repo-2' (c588dacc-4c3b-4e83-8493-0c2af6d8f796) belongs to different group - PROTECTED
2025-08-22 14:41:02,597 - INFO - Organization 'data-architecture-org-new-test/test-repo-3' (bbfb0ea5-ad07-47e0-8a2c-b46493fa028d) belongs to different group - PROTECTED
2025-08-22 14:41:02,597 - INFO - Organization 'data-architecture-org-new-test/test-repo-4' (bbeac19a-c874-4c50-980e-cb67f98cdf58) belongs to different group - PROTECTED
2025-08-22 14:41:02,597 - INFO - Organization 'data-architecture-org-new-test/test-repo-5' (75bcafb7-4758-415c-8088-641d7b412d2b) belongs to different group - PROTECTED
2025-08-22 14:41:02,597 - INFO - Organization 'data-architecture-org-new-test/test-repo-6' (4db24136-08ba-4737-ad1b-2bd87bfd08eb) belongs to different group - PROTECTED
2025-08-22 14:41:02,597 - INFO - Organization 'data-architecture-org-new-test/test-repoo1' (fe1e4f00-8fcf-46f5-9a67-bcc5c99a5981) belongs to different group - PROTECTED
2025-08-22 14:41:02,597 - INFO - Organization 'delete-snyk-projects' (8ae5bc83-d786-45b8-9aa8-958d8ed313b9) belongs to different group - PROTECTED
2025-08-22 14:41:02,597 - INFO - Organization 'DockerHub CBI test' (a2648bf8-cc30-48b7-9b28-7cda319b9e5f) is in exclusion list - PROTECTED
2025-08-22 14:41:02,597 - INFO - Organization 'dotNETtesting' (a90f9553-f7f9-420a-a5ca-e03a50b2d238) is in exclusion list - PROTECTED
2025-08-22 14:41:02,597 - INFO - Organization 'Enterprise' (810d112f-108d-48d8-8b22-9cc90408aa7b) belongs to different group - PROTECTED
2025-08-22 14:41:02,597 - INFO - Organization 'Find Projects' (13d21763-4bbc-47b3-8080-9e37a471cc56) belongs to different group - PROTECTED
2025-08-22 14:41:02,597 - INFO - Organization 'gdap-gfmod-dataanalytics-test' (f6c2eabe-942d-41e7-9954-ede5c86cea7e) belongs to different group - PROTECTED
2025-08-22 14:41:02,597 - INFO - Organization 'gdap-gfmod-dataanalytics-test/java-goof-test' (e110a69e-c07d-4ec5-9b32-c879e3da5f30) belongs to different group - PROTECTED
2025-08-22 14:41:02,597 - INFO - Organization 'gdap-gfmod-dataanalytics-test/juice-shop' (f5499ff8-799a-420f-9da4-c364118a7de6) belongs to different group - PROTECTED
2025-08-22 14:41:02,597 - INFO - Organization 'gdap-gfmod-dataanalytics-test/test-repo-1' (df18e347-5057-4405-9170-307b704a53a4) belongs to different group - PROTECTED
2025-08-22 14:41:02,597 - INFO - Organization 'gdap-gfmod-dataanalytics-test/test-repo-2' (a41a44e0-faae-4f08-8541-5b89ac8bbf33) belongs to different group - PROTECTED
2025-08-22 14:41:02,597 - INFO - Organization 'gdap-gfmod-dataanalytics-test/test-repo-3' (9f618201-69b8-4c97-b19b-e40c5d71cca3) belongs to different group - PROTECTED
2025-08-22 14:41:02,597 - INFO - Organization 'gdap-gfmod-dataanalytics-test/test-repo-4' (6dc8f1e3-30a8-4d39-a6be-93fd30e20543) belongs to different group - PROTECTED
2025-08-22 14:41:02,597 - INFO - Organization 'gdap-gfmod-dataanalytics-test/test-repo-5' (d1eae772-e2ee-41aa-bb36-7d98ce27f41e) belongs to different group - PROTECTED
2025-08-22 14:41:02,597 - INFO - Organization 'gdap-gfmod-dataanalytics-test/test-repo-6' (78027ac7-8bdc-4694-ae3e-efbd7c010df0) belongs to different group - PROTECTED
2025-08-22 14:41:02,597 - INFO - Organization 'GitHub Cloud App testing' (4c8f8da9-97b1-4730-a2f7-aa58e36d1f83) is in exclusion list - PROTECTED
2025-08-22 14:41:02,597 - INFO - Organization 'global-data-analytics-test' (aa4ad871-a66c-480e-a2f1-a27a8ed26848) belongs to different group - PROTECTED
2025-08-22 14:41:02,597 - INFO - Organization 'global-data-analytics-test/java-goof-test' (b1cf0fd9-35a2-4a3e-b816-2cf0fe391b1a) belongs to different group - PROTECTED
2025-08-22 14:41:02,597 - INFO - Organization 'global-data-analytics-test/juice-shop' (881f2aea-ce9c-4a90-847b-427b682ae85d) belongs to different group - PROTECTED
2025-08-22 14:41:02,597 - INFO - Organization 'global-data-analytics-test/test-repo-1' (f8c090c3-3f9e-4125-8e77-5efc00611b36) belongs to different group - PROTECTED
2025-08-22 14:41:02,597 - INFO - Organization 'global-data-analytics-test/test-repo-2' (afd81d5d-cfe5-492e-b23c-85f4eb8b1d35) belongs to different group - PROTECTED
2025-08-22 14:41:02,597 - INFO - Organization 'global-data-analytics-test/test-repo-3' (c8b8e6ce-b661-425d-bfc5-fcd0f38ca025) belongs to different group - PROTECTED
2025-08-22 14:41:02,597 - INFO - Organization 'global-data-analytics-test/test-repo-4' (f153699c-33ca-4b11-a32f-3e83537687dc) belongs to different group - PROTECTED
2025-08-22 14:41:02,598 - INFO - Organization 'global-data-analytics-test/test-repo-5' (8e4feb5a-b530-42b7-b692-3e9f145ae326) belongs to different group - PROTECTED
2025-08-22 14:41:02,598 - INFO - Organization 'global-data-analytics-test/test-repo-6' (4b44ca8e-7f16-4979-9468-00d8e8b1aa04) belongs to different group - PROTECTED
2025-08-22 14:41:02,598 - INFO - Organization 'goof' (d4615384-78de-4107-993a-092724231747) belongs to different group - PROTECTED
2025-08-22 14:41:02,598 - INFO - Organization 'goof_appsec' (5c324e53-06e2-45b7-9feb-e3f789b0f104) belongs to different group - PROTECTED
2025-08-22 14:41:02,598 - INFO - Organization 'goofs' (3c1775b5-afba-4256-b7c3-17d936c110cc) belongs to different group - PROTECTED
2025-08-22 14:41:02,598 - INFO - Organization 'gradle-simple' (217d6940-1bdb-4ed1-b756-e3e6653681f7) is in exclusion list - PROTECTED
2025-08-22 14:41:02,598 - INFO - Organization 'iacprojectdelete' (84bf8769-e1e9-4ffe-b945-f5df634cba91) belongs to different group - PROTECTED
2025-08-22 14:41:02,598 - INFO - Organization 'iacprojectdelete2' (74d181be-1d87-45fd-8cfe-a47558b2aa54) belongs to different group - PROTECTED
2025-08-22 14:41:02,598 - INFO - Organization 'iacprojectdelete3' (04871763-84bf-4752-8739-aeaefc6b72d8) belongs to different group - PROTECTED
2025-08-22 14:41:02,598 - INFO - Organization 'Insights Demo' (ddb21856-6853-4390-90f3-1d6a254d612a) is in exclusion list - PROTECTED
2025-08-22 14:41:02,598 - INFO - Organization 'java-goof' (d95aa45e-3e0c-4176-bf6a-9d5c45f26f3c) belongs to different group - PROTECTED
2025-08-22 14:41:02,598 - INFO - Organization 'java-goof-test' (5eb7a9e6-7c81-4ed3-bc4d-ec3e39b62e8a) belongs to different group - PROTECTED
2025-08-22 14:41:02,598 - INFO - Organization 'juice-shop' (e3b02719-1ddd-4126-b18b-70273c39c7d6) belongs to different group - PROTECTED
2025-08-22 14:41:02,598 - INFO - Organization 'juice-shop-goof' (19165ef3-0526-45d5-86e4-398b5ec5f043) belongs to different group - PROTECTED
2025-08-22 14:41:02,598 - INFO - Organization 'mcarchtestorg' (91b03200-5a15-401d-b52f-9a5186858fdb) belongs to different group - PROTECTED
2025-08-22 14:41:02,598 - INFO - Organization 'mc - data' (42bfbf9b-0188-4782-9c29-3b58721c2aa6) belongs to different group - PROTECTED
2025-08-22 14:41:02,598 - INFO - Organization 'mc - data-2' (57224e35-b2c0-445a-a2f9-6921f24d2eeb) belongs to different group - PROTECTED
2025-08-22 14:41:02,598 - INFO - Organization 'mc - data-3' (9d31ba75-48aa-48ac-a2f8-c84eb05898fd) belongs to different group - PROTECTED
2025-08-22 14:41:02,598 - INFO - Organization 'mc - data - digital' (674234da-6e6a-4688-bfe0-72819f295131) belongs to different group - PROTECTED
2025-08-22 14:41:02,598 - INFO - Organization 'mc - data - digital-10' (21617a4b-0bf3-4320-999c-b819003d1df3) belongs to different group - PROTECTED
2025-08-22 14:41:02,598 - INFO - Organization 'mc - data - digital-11' (006fd89c-fd72-48d4-8ebe-1607901631bb) belongs to different group - PROTECTED
2025-08-22 14:41:02,598 - INFO - Organization 'mc - data - digital-12' (2ed66355-5db5-47b4-bffc-9c921a2ac02a) belongs to different group - PROTECTED
2025-08-22 14:41:02,598 - INFO - Organization 'mc - data - digital-2' (8a8410ea-78a6-4c04-9408-159bee74d8ae) belongs to different group - PROTECTED
2025-08-22 14:41:02,598 - INFO - Organization 'mc - data - digital-3' (3f34c32e-dfdc-45ef-9a92-30359e3b35f4) belongs to different group - PROTECTED
2025-08-22 14:41:02,598 - INFO - Organization 'mc - data - digital-4' (34c8deab-2f61-4147-a886-33edb8b7edad) belongs to different group - PROTECTED
2025-08-22 14:41:02,598 - INFO - Organization 'mc - data - digital-5' (1f825657-13ca-48a7-98d8-4142830876ab) belongs to different group - PROTECTED
2025-08-22 14:41:02,598 - INFO - Organization 'mc - data - digital-6' (874c522a-d8e7-40f9-9d8c-a060e5153924) belongs to different group - PROTECTED
2025-08-22 14:41:02,598 - INFO - Organization 'mc - data - digital-7' (484dd2dc-1b16-49d4-9f27-184a9049c492) belongs to different group - PROTECTED
2025-08-22 14:41:02,598 - INFO - Organization 'mc - data - digital-8' (665f57ee-0926-4372-b210-28313c574d95) belongs to different group - PROTECTED
2025-08-22 14:41:02,598 - INFO - Organization 'mc - data - digital-9' (2db249f1-12a1-4522-bebc-4f8d2caf47d5) belongs to different group - PROTECTED
2025-08-22 14:41:02,598 - INFO - Organization 'mcdemoorg' (47940b1a-7a3e-4a0d-947c-00f903e3b60b) belongs to different group - PROTECTED
2025-08-22 14:41:02,598 - INFO - Organization 'mcdonalds-corp-new-test' (d81a5268-b5ae-4076-a0a1-7ee37cf590de) belongs to different group - PROTECTED
2025-08-22 14:41:02,598 - INFO - Organization 'new-org' (abdbef9b-c81d-4fad-bbbb-c952b2b90f41) belongs to different group - PROTECTED
2025-08-22 14:41:02,598 - INFO - Organization 'new-org' (d0540c57-6be1-4615-ac69-e1d2f453c4e6) belongs to different group - PROTECTED
2025-08-22 14:41:02,598 - INFO - Organization 'new-org' (e5097550-dadf-4400-aaab-44d99a9dc834) belongs to different group - PROTECTED
2025-08-22 14:41:02,598 - INFO - Organization 'new-org-testing' (6f490b9d-7970-43b3-b5e4-ef4654dd9384) belongs to different group - PROTECTED
2025-08-22 14:41:02,598 - INFO - Organization 'nightmare' (bcd2b60b-fd11-488a-aff6-25416b5ea641) is in exclusion list - PROTECTED
2025-08-22 14:41:02,598 - INFO - Organization 'Reachability Show' (84eec5d4-efc5-437f-8734-aba2c2cc4871) is in exclusion list - PROTECTED
2025-08-22 14:41:02,598 - INFO - Organization 'reip-org-test' (9c837842-9b4e-4c6d-a780-265fc44777b8) belongs to different group - PROTECTED
2025-08-22 14:41:02,598 - INFO - Organization 'reip-org-test/java-goof-test' (eda43da8-9fac-4ea9-8480-3bcae6c7dac9) belongs to different group - PROTECTED
2025-08-22 14:41:02,598 - INFO - Organization 'reip-org-test/juice-shop' (1ba4329d-5652-42ca-932b-73713d87fb45) belongs to different group - PROTECTED
2025-08-22 14:41:02,598 - INFO - Organization 'reip-org-test/test-repo-1' (b03d4096-4ffe-42d6-babe-796123e83497) belongs to different group - PROTECTED
2025-08-22 14:41:02,598 - INFO - Organization 'reip-org-test/test-repo-2' (b9b552c8-805d-47f5-826d-b532fc997be7) belongs to different group - PROTECTED
2025-08-22 14:41:02,598 - INFO - Organization 'reip-org-test/test-repo-3' (0d44b92d-6b82-401c-a25e-d39c3e5b9920) belongs to different group - PROTECTED
2025-08-22 14:41:02,598 - INFO - Organization 'reip-org-test/test-repo-4' (b6f0e288-3a91-4fb8-a14a-2b5c768444f9) belongs to different group - PROTECTED
2025-08-22 14:41:02,598 - INFO - Organization 'reip-org-test/test-repo-5' (fa2c5b3d-f587-4fc5-b547-42b4c4611bab) belongs to different group - PROTECTED
2025-08-22 14:41:02,598 - INFO - Organization 'reip-org-test/test-repo-6' (fafda8e4-f729-42eb-8fb1-1709fc3e1f46) belongs to different group - PROTECTED
2025-08-22 14:41:02,598 - INFO - Organization 'rhicksiii91' (cb07ddab-0e7a-4507-9ae4-57a6784b0b94) belongs to different group - PROTECTED
2025-08-22 14:41:02,598 - INFO - Organization 'Rob's Universal Broker demo' (ef49fa76-2563-4dcb-8195-542ddaa91422) is in exclusion list - PROTECTED
2025-08-22 14:41:02,598 - INFO - Organization 'robsworld' (63d4ca68-788d-464e-b4b5-0d68987b49f3) belongs to different group - PROTECTED
2025-08-22 14:41:02,598 - INFO - Organization 'rob-test-org-for-tag-matching' (ec1bd328-aba4-4a8f-a804-12c760218270) belongs to different group - PROTECTED
2025-08-22 14:41:02,598 - INFO - Organization 'scm-refresh-test-org' (99ffe91a-7f2c-4ce5-b133-910f188e2f15) belongs to different group - PROTECTED
2025-08-22 14:41:02,598 - INFO - Organization 'snyk' (ef297358-fb4b-4781-a0ca-681d06f55133) belongs to different group - PROTECTED
2025-08-22 14:41:02,598 - INFO - Organization 'snyk-api-import' (c306d49c-3d1d-4d9c-ba2c-4c3b80307474) belongs to different group - PROTECTED
2025-08-22 14:41:02,598 - INFO - Organization 'Snykdemo' (21d5a8f0-29e2-480d-9cb5-a6635eeebe9b) belongs to different group - PROTECTED
2025-08-22 14:41:02,598 - INFO - Organization 'snyk-labs' (d52123c5-6adc-48d8-ad1f-0c816a5a88d6) belongs to different group - PROTECTED
2025-08-22 14:41:02,598 - INFO - Organization 'snyk-playground' (680657b7-99d9-434f-92e5-36f9b0d4536d) belongs to different group - PROTECTED
2025-08-22 14:41:02,598 - INFO - Organization 'snyk-scmrepo-to-snyk' (3eb9ff8d-b79c-46fe-8443-97a28a71d67f) is in exclusion list - PROTECTED
2025-08-22 14:41:02,598 - INFO - Organization 'snyk-tech-services' (f0e402f5-c42b-4124-9516-038b1c9df5f8) belongs to different group - PROTECTED
2025-08-22 14:41:02,598 - INFO - Organization 'Staging-data-architecture-org-new-test' (b4cf37d8-8f49-40b4-8084-67b4d0de1322) belongs to different group - PROTECTED
2025-08-22 14:41:02,598 - INFO - Organization 'Staging-gdap-gfmod-dataanalytics-test' (bdd18fdd-e899-4436-972d-3171e15b64c3) belongs to different group - PROTECTED
2025-08-22 14:41:02,598 - INFO - Organization 'Staging-global-data-analytics-test' (cd5168a3-a6b1-48cf-845d-4a762d7f1a67) belongs to different group - PROTECTED
2025-08-22 14:41:02,599 - INFO - Organization 'Staging-mcdonalds-corp-new-test' (fceaf255-2e21-4ccf-8645-fbf0f567bd7d) belongs to different group - PROTECTED
2025-08-22 14:41:02,599 - INFO - Organization 'Staging-reip-org-test' (46e3b681-7c78-4edf-988c-6227cac4dd25) belongs to different group - PROTECTED
2025-08-22 14:41:02,599 - INFO - Organization 'Staging-snyk' (0ed57b4d-53e0-4136-9ec2-bb840299c8d0) belongs to different group - PROTECTED
2025-08-22 14:41:02,599 - INFO - Organization 'Staging-snyk-labs' (9d43f54e-d99d-479a-8c2c-e10bcbbbad54) belongs to different group - PROTECTED
2025-08-22 14:41:02,599 - INFO - Organization 'Staging-snyk-playground' (b901c7d4-dbba-4eae-b1d6-88e676840b8c) belongs to different group - PROTECTED
2025-08-22 14:41:02,599 - INFO - Organization 'Staging-snyk-tech-services' (01a6fdda-32f1-4b65-94b9-3e5cf96459dd) belongs to different group - PROTECTED
2025-08-22 14:41:02,599 - INFO - Organization 'Staging-tsrobsworld' (66ba7102-4011-4253-949b-97c9e96b2d5e) belongs to different group - PROTECTED
2025-08-22 14:41:02,599 - INFO - Organization 'Staging-TSRobworld' (a7e1ca29-0392-4d1c-b4f8-caacad4baf33) belongs to different group - PROTECTED
2025-08-22 14:41:02,599 - INFO - Organization 'svbduplicategradle' (274a7bf4-1d62-4a50-ab8e-4ebe8e5d34ee) belongs to different group - PROTECTED
2025-08-22 14:41:02,599 - INFO - Organization 'Team Alpha' (fdf3b63a-9a4e-43d8-bae3-85212f002bea) is in exclusion list - PROTECTED
2025-08-22 14:41:02,599 - INFO - Organization 'Team Beta' (6c88bb45-2522-4ef9-b228-595cd7cf832a) is in exclusion list - PROTECTED
2025-08-22 14:41:02,599 - INFO - Organization 'Team Gamma' (f1f15a6b-e713-4fcf-bfbc-4c6dee55f04f) is in exclusion list - PROTECTED
2025-08-22 14:41:02,599 - INFO - Organization 'terraform-aws-labs' (72000012-70ae-4d3d-a40f-8c38df17dab4) belongs to different group - PROTECTED
2025-08-22 14:41:02,599 - INFO - Organization 'terraform-aws-snykbroker' (3fe28108-7319-4330-b3dc-11bf5bd996be) belongs to different group - PROTECTED
2025-08-22 14:41:02,599 - INFO - Organization 'terraform-plugin-docs' (f90e7ba1-0557-4ee0-b1f6-44e440fa1067) belongs to different group - PROTECTED
2025-08-22 14:41:02,599 - INFO - Organization 'terraform-plugin-framework' (0ad6fa63-d2e4-4fc2-a64d-e7a3999cf08f) belongs to different group - PROTECTED
2025-08-22 14:41:02,599 - INFO - Organization 'terraform-plugin-sdk' (477a5eb6-4d41-40ce-adf5-222b6eb5cfca) belongs to different group - PROTECTED
2025-08-22 14:41:02,599 - INFO - Organization 'terraform-provider-acme' (98b32b66-8730-414c-bc00-941af9aa8791) belongs to different group - PROTECTED
2025-08-22 14:41:02,599 - INFO - Organization 'terraform-provider-ad' (8ce8ca31-2050-4abe-ac1a-f9b03e16dba4) belongs to different group - PROTECTED
2025-08-22 14:41:02,599 - INFO - Organization 'terraform-provider-aiven' (6f56cb60-282e-42e8-bfab-b7bcf60d6929) belongs to different group - PROTECTED
2025-08-22 14:41:02,599 - INFO - Organization 'terraform-provider-akamai' (28650ae1-f1b9-4123-9cc7-261db538e18c) belongs to different group - PROTECTED
2025-08-22 14:41:02,599 - INFO - Organization 'terraform-provider-alicloud' (ffb23bab-3240-4078-a666-66ba85152c31) belongs to different group - PROTECTED
2025-08-22 14:41:02,599 - INFO - Organization 'terraform-provider-ansible' (bf8929c8-55cb-4206-8c41-850817c68a7f) belongs to different group - PROTECTED
2025-08-22 14:41:02,599 - INFO - Organization 'terraform-provider-argocd' (18af138d-d16a-4230-909d-aa6ccea9653c) belongs to different group - PROTECTED
2025-08-22 14:41:02,599 - INFO - Organization 'terraform-provider-artifactory' (6f1c7fff-848b-4324-bf7c-3f8caa67401d) belongs to different group - PROTECTED
2025-08-22 14:41:02,599 - INFO - Organization 'terraform-provider-auth0' (b72a3478-a827-4de6-8ed3-9904386450d2) belongs to different group - PROTECTED
2025-08-22 14:41:02,599 - INFO - Organization 'terraform-provider-aws' (86ccd091-5e40-45b4-9135-8573cebbfefe) belongs to different group - PROTECTED
2025-08-22 14:41:02,599 - INFO - Organization 'terraform-provider-awscc' (debc1b39-6daf-4fdd-87bb-f137953c9546) belongs to different group - PROTECTED
2025-08-22 14:41:02,599 - INFO - Organization 'terraform-provider-azuread' (75616096-aa35-432a-b2ac-18b08a3a8142) belongs to different group - PROTECTED
2025-08-22 14:41:02,599 - INFO - Organization 'terraform-provider-azurecaf' (3e0c533f-0d19-4130-a42b-e04ba5ea3001) belongs to different group - PROTECTED
2025-08-22 14:41:02,599 - INFO - Organization 'terraform-provider-azuredevops' (9ad7992c-c184-45db-a8c2-1925dfc73e22) belongs to different group - PROTECTED
2025-08-22 14:41:02,599 - INFO - Organization 'terraform-provider-azurerm' (23b87636-c72c-4628-8712-32665ed5f0ae) belongs to different group - PROTECTED
2025-08-22 14:41:02,599 - INFO - Organization 'terraform-provider-azurestack' (6b7c211c-caf9-43cd-ac49-45ed26b49fdf) belongs to different group - PROTECTED
2025-08-22 14:41:02,599 - INFO - Organization 'terraform-provider-bigip' (06daaf77-0c3c-4629-984b-afc7b2046b38) belongs to different group - PROTECTED
2025-08-22 14:41:02,599 - INFO - Organization 'terraform-provider-boundary' (e657fd0a-9f07-4477-9879-d34757cadebc) belongs to different group - PROTECTED
2025-08-22 14:41:02,599 - INFO - Organization 'terraform-provider-citrixadc' (f4dcf4bd-833e-47e6-a8c7-f93c5e7546d1) belongs to different group - PROTECTED
2025-08-22 14:41:02,599 - INFO - Organization 'terraform-provider-civo' (3d281dd5-f2e1-455d-b569-c13533c89920) belongs to different group - PROTECTED
2025-08-22 14:41:02,599 - INFO - Organization 'terraform-provider-cloudamqp' (c44293b1-d679-497a-83bf-617ca62b1cac) belongs to different group - PROTECTED
2025-08-22 14:41:02,599 - INFO - Organization 'terraform-provider-cloudflare' (92773ec9-ef97-4ff6-936d-d5f3c2b84482) belongs to different group - PROTECTED
2025-08-22 14:41:02,599 - INFO - Organization 'terraform-provider-cloudfoundry' (1e07f106-c6a3-4e41-9e17-94581a305e70) belongs to different group - PROTECTED
2025-08-22 14:41:02,599 - INFO - Organization 'terraform-provider-confluent' (44801547-56ea-4975-ae67-3f0708eae873) belongs to different group - PROTECTED
2025-08-22 14:41:02,599 - INFO - Organization 'terraform-provider-consul' (3ced15d7-ed87-46cc-9823-1072c9743f50) belongs to different group - PROTECTED
2025-08-22 14:41:02,599 - INFO - Organization 'terraform-provider-databricks' (88954a3c-9c9c-4592-b5b8-530f289405f1) belongs to different group - PROTECTED
2025-08-22 14:41:02,599 - INFO - Organization 'terraform-provider-datadog' (d6020cbc-d5c1-466c-a622-232acf8dc6fc) belongs to different group - PROTECTED
2025-08-22 14:41:02,599 - INFO - Organization 'terraform-provider-digitalocean' (a3cf754d-69c4-43f0-af87-ae981fa9199b) belongs to different group - PROTECTED
2025-08-22 14:41:02,599 - INFO - Organization 'terraform-provider-dns' (e58000d8-ac04-45a5-abc7-6ad1051205c5) belongs to different group - PROTECTED
2025-08-22 14:41:02,599 - INFO - Organization 'terraform-provider-docker' (8e23672c-8487-4fe8-871a-8c70550a484e) belongs to different group - PROTECTED
2025-08-22 14:41:02,599 - INFO - Organization 'terraform-provider-ec' (fc95cbe6-e891-461b-b21f-de905eb5ef49) belongs to different group - PROTECTED
2025-08-22 14:41:02,599 - INFO - Organization 'terraform-provider-elasticsearch' (8ba51a34-4385-4b8f-a94e-3b39d2be1d0f) belongs to different group - PROTECTED
2025-08-22 14:41:02,599 - INFO - Organization 'terraform-provider-elasticstack' (6b630909-f0d8-401e-8129-7273a587f5de) belongs to different group - PROTECTED
2025-08-22 14:41:02,599 - INFO - Organization 'terraform-provider-esxi' (9eb829eb-6219-4c77-8f4b-78d388ecacca) belongs to different group - PROTECTED
2025-08-22 14:41:02,599 - INFO - Organization 'terraform-provider-external' (86a629b8-5881-46c2-9e73-c470540718fa) belongs to different group - PROTECTED
2025-08-22 14:41:02,599 - INFO - Organization 'terraform-provider-flux' (1f1ede24-b07c-475f-94d2-861132064361) belongs to different group - PROTECTED
2025-08-22 14:41:02,599 - INFO - Organization 'terraform-provider-fortios' (eedf53a9-f508-4385-88e6-f502f16317af) belongs to different group - PROTECTED
2025-08-22 14:41:02,599 - INFO - Organization 'terraform-provider-github' (4a54405c-0db7-4e44-9b60-e1bc76e1b286) belongs to different group - PROTECTED
2025-08-22 14:41:02,599 - INFO - Organization 'terraform-provider-gitlab' (9c300b88-179a-4ebc-9f23-95692793f24d) belongs to different group - PROTECTED
2025-08-22 14:41:02,599 - INFO - Organization 'terraform-provider-google' (50100aab-a375-4f73-b906-bf46638a94d5) belongs to different group - PROTECTED
2025-08-22 14:41:02,599 - INFO - Organization 'terraform-provider-google-beta' (ff851f2f-e7e3-4d92-91c6-023900c06954) belongs to different group - PROTECTED
2025-08-22 14:41:02,599 - INFO - Organization 'terraform-provider-googleworkspace' (2b4d4a2b-85e4-42a7-8e85-1d8ab0842187) belongs to different group - PROTECTED
2025-08-22 14:41:02,599 - INFO - Organization 'terraform-provider-grafana' (8d646bcc-0306-4473-8bb4-bcf4cd33cb83) belongs to different group - PROTECTED
2025-08-22 14:41:02,599 - INFO - Organization 'terraform-provider-harbor' (355bdfd4-0718-46a5-89e7-16453ec16e92) belongs to different group - PROTECTED
2025-08-22 14:41:02,599 - INFO - Organization 'terraform-provider-hashicups' (d3eda446-5f30-4704-b6c2-d24f51a2f35c) belongs to different group - PROTECTED
2025-08-22 14:41:02,599 - INFO - Organization 'terraform-provider-hcp' (fdfa5029-e4a8-4eac-9207-7092d87b3e4b) belongs to different group - PROTECTED
2025-08-22 14:41:02,599 - INFO - Organization 'terraform-provider-helm' (b03b5df8-1277-4fa0-9ec6-e3dd76c7fdb3) belongs to different group - PROTECTED
2025-08-22 14:41:02,599 - INFO - Organization 'terraform-provider-heroku' (3be9292d-230c-43c0-b2db-96b1e7ceb71d) belongs to different group - PROTECTED
2025-08-22 14:41:02,600 - INFO - Organization 'terraform-provider-http' (0cac4f3c-8a9f-46fe-800b-5864a41f62f1) belongs to different group - PROTECTED
2025-08-22 14:41:02,600 - INFO - Organization 'terraform-provider-huaweicloud' (05a7a467-c39e-46e7-b8b1-ec0ae98d13db) belongs to different group - PROTECTED
2025-08-22 14:41:02,600 - INFO - Organization 'terraform-provider-hyperv' (193ef8c3-3908-4185-b8a9-d1b4d4dbb956) belongs to different group - PROTECTED
2025-08-22 14:41:02,600 - INFO - Organization 'terraform-provider-ibm' (9c4e96a8-d91e-4d0c-ba9a-5e661dc725c7) belongs to different group - PROTECTED
2025-08-22 14:41:02,600 - INFO - Organization 'terraform-provider-iterative' (9d1bc881-3d09-4c5c-abe0-042177455579) belongs to different group - PROTECTED
2025-08-22 14:41:02,600 - INFO - Organization 'terraform-provider-jira' (6f4baecc-5b72-461f-b47d-dbbf09580819) belongs to different group - PROTECTED
2025-08-22 14:41:02,600 - INFO - Organization 'terraform-provider-kafka' (27de4c3f-553f-486f-a4e1-cac39f8b1ba9) belongs to different group - PROTECTED
2025-08-22 14:41:02,600 - INFO - Organization 'terraform-provider-keycloak' (63c4e036-ff1a-4280-93a1-5d0eef08a401) belongs to different group - PROTECTED
2025-08-22 14:41:02,600 - INFO - Organization 'terraform-provider-kubernetes' (6c4a050f-706a-48fd-bac9-defe4a7fdb3d) belongs to different group - PROTECTED
2025-08-22 14:41:02,600 - INFO - Organization 'terraform-provider-kustomization' (763e2fb9-fd87-42fc-9f90-c9079fa8096f) belongs to different group - PROTECTED
2025-08-22 14:41:02,600 - INFO - Organization 'terraform-provider-libvirt' (be77cb3b-5ed2-477c-ad51-6236df18a354) belongs to different group - PROTECTED
2025-08-22 14:41:02,600 - INFO - Organization 'terraform-provider-linode' (187213a8-8acf-4bc8-9fbb-9b2c912bcf41) belongs to different group - PROTECTED
2025-08-22 14:41:02,600 - INFO - Organization 'terraform-provider-local' (208e0b50-4441-447a-b65d-88f93a02adbc) belongs to different group - PROTECTED
2025-08-22 14:41:02,600 - INFO - Organization 'terraform-provider-lxd' (8987e3ce-c68b-43be-a433-70030f0a19f4) belongs to different group - PROTECTED
2025-08-22 14:41:02,600 - INFO - Organization 'terraform-provider-mongodbatlas' (63a0cfcb-c680-4f67-a177-03a9c5806b41) belongs to different group - PROTECTED
2025-08-22 14:41:02,600 - INFO - Organization 'terraform-provider-newrelic' (2016f35e-1e59-4311-ac29-2fa4e323128a) belongs to different group - PROTECTED
2025-08-22 14:41:02,600 - INFO - Organization 'terraform-provider-nomad' (eeafbfd5-c7fe-4ae5-9c96-943c99fe3b49) belongs to different group - PROTECTED
2025-08-22 14:41:02,600 - INFO - Organization 'terraform-provider-null' (4687fd0e-4816-4146-97ba-93f8e57eb7c7) belongs to different group - PROTECTED
2025-08-22 14:41:02,600 - INFO - Organization 'terraform-provider-nutanix' (f0bac25c-6fe8-4e4b-acf1-47ba28d2a1f9) belongs to different group - PROTECTED
2025-08-22 14:41:02,600 - INFO - Organization 'terraform-provider-oci' (3c00aeba-d0ed-4ce4-91a1-b44487913f9e) belongs to different group - PROTECTED
2025-08-22 14:41:02,600 - INFO - Organization 'terraform-provider-octopusdeploy' (9b47c674-6e99-4ca5-a1d7-ac96b7777191) belongs to different group - PROTECTED
2025-08-22 14:41:02,600 - INFO - Organization 'terraform-provider-okta' (476ed452-b84b-4a15-b322-6283daee6298) belongs to different group - PROTECTED
2025-08-22 14:41:02,600 - INFO - Organization 'terraform-provider-onepassword' (648dc160-cd94-4c96-b7df-60d2933040ff) belongs to different group - PROTECTED
2025-08-22 14:41:02,600 - INFO - Organization 'terraform-provider-opennebula' (f5d0af97-49b0-4dd1-ab03-dd2299c2e274) belongs to different group - PROTECTED
2025-08-22 14:41:02,600 - INFO - Organization 'terraform-provider-openstack' (da7827c0-56d4-4759-adbc-32170e72b05d) belongs to different group - PROTECTED
2025-08-22 14:41:02,600 - INFO - Organization 'terraform-provider-opsgenie' (8764c117-4aad-4c8f-8eea-3d6d30992cad) belongs to different group - PROTECTED
2025-08-22 14:41:02,600 - INFO - Organization 'terraform-provider-ovh' (db9d5205-d238-4312-8f7b-74dee8c9e8cc) belongs to different group - PROTECTED
2025-08-22 14:41:02,600 - INFO - Organization 'terraform-provider-pagerduty' (68632868-e17d-4d64-804b-f9ff9891c4ad) belongs to different group - PROTECTED
2025-08-22 14:41:02,600 - INFO - Organization 'terraform-provider-panos' (39512d7b-9c78-477a-a259-d66590ad8ca5) belongs to different group - PROTECTED
2025-08-22 14:41:02,600 - INFO - Organization 'terraform-provider-postgresql' (fe416371-1123-4d89-b472-633346db4196) belongs to different group - PROTECTED
2025-08-22 14:41:02,600 - INFO - Organization 'terraform-provider-prismacloud' (6b118d41-5446-4396-9ac9-a711d99b0fd2) belongs to different group - PROTECTED
2025-08-22 14:41:02,600 - INFO - Organization 'terraform-provider-rancher2' (70c05234-31a8-4104-a70a-86ffd3a1d768) belongs to different group - PROTECTED
2025-08-22 14:41:02,600 - INFO - Organization 'terraform-provider-random' (4f08808b-1370-4a51-b797-11f3a9797c58) belongs to different group - PROTECTED
2025-08-22 14:41:02,600 - INFO - Organization 'terraform-provider-restapi' (68c68989-6ded-4bd1-a020-b8a824516e15) belongs to different group - PROTECTED
2025-08-22 14:41:02,600 - INFO - Organization 'terraform-provider-rke' (0aefdc21-83e3-4565-97b0-bd50e8d8e0d6) belongs to different group - PROTECTED
2025-08-22 14:41:02,600 - INFO - Organization 'terraform-provider-rundeck' (a89e3012-034c-4086-9b49-7c92b7ed0b00) belongs to different group - PROTECTED
2025-08-22 14:41:02,600 - INFO - Organization 'terraform-provider-scaffolding-framework' (4ddd837e-a2cf-41c2-9c5f-aadfa61a47ed) belongs to different group - PROTECTED
2025-08-22 14:41:02,600 - INFO - Organization 'terraform-provider-scaleway' (d92b0fac-fc0e-480b-bed7-b8a5be3eafc9) belongs to different group - PROTECTED
2025-08-22 14:41:02,600 - INFO - Organization 'terraform-provider-sentry' (7ad6cdc5-e0e5-4c2a-9bed-176436b3b1b9) belongs to different group - PROTECTED
2025-08-22 14:41:02,600 - INFO - Organization 'terraform-provider-signalfx' (8ae39425-ef7e-42cf-a067-35657aff50a6) belongs to different group - PROTECTED
2025-08-22 14:41:02,600 - INFO - Organization 'terraform-provider-snowflake' (6dae162f-5fb4-4d7d-902d-eed9e68f95f9) belongs to different group - PROTECTED
2025-08-22 14:41:02,600 - INFO - Organization 'terraform-provider-spinnaker' (f1878985-8f1c-4bc8-8dc1-e39c4bd29543) belongs to different group - PROTECTED
2025-08-22 14:41:02,600 - INFO - Organization 'terraform-provider-splunk' (5f8fa9c9-027d-4dfb-8220-59b2f5af0f8c) belongs to different group - PROTECTED
2025-08-22 14:41:02,600 - INFO - Organization 'terraform-provider-stripe' (c63ce5e2-3df7-4255-a1a2-2c34c9abe867) belongs to different group - PROTECTED
2025-08-22 14:41:02,600 - INFO - Organization 'terraform-provider-sumologic' (28101469-fef2-4b4f-a169-3db09a40e904) belongs to different group - PROTECTED
2025-08-22 14:41:02,600 - INFO - Organization 'terraform-provider-sysdig' (9bab9ac8-e2f0-43d3-a2df-2b907b855cc6) belongs to different group - PROTECTED
2025-08-22 14:41:02,600 - INFO - Organization 'terraform-provider-tencentcloud' (94e498c2-dd36-40a6-adac-15abf9328309) belongs to different group - PROTECTED
2025-08-22 14:41:02,600 - INFO - Organization 'terraform-provider-tfe' (35b57cc2-42cb-4870-a2ad-af03ae8ebd25) belongs to different group - PROTECTED
2025-08-22 14:41:02,600 - INFO - Organization 'terraform-provider-tls' (a681c1fa-07c8-486d-b5e7-2d4be460bb31) belongs to different group - PROTECTED
2025-08-22 14:41:02,600 - INFO - Organization 'terraform-provider-upcloud' (72178107-6dae-48df-aca6-60b1bb64724e) belongs to different group - PROTECTED
2025-08-22 14:41:02,600 - INFO - Organization 'terraform-provider-vault' (f0ab6f79-17d1-4040-911b-2ec75a7ef46c) belongs to different group - PROTECTED
2025-08-22 14:41:02,600 - INFO - Organization 'terraform-provider-vcd' (57607c32-1869-4bc8-829c-89bed0498bb9) belongs to different group - PROTECTED
2025-08-22 14:41:02,600 - INFO - Organization 'terraform-provider-virtualbox' (29e19809-3484-4a47-83cc-7e0a02174e20) belongs to different group - PROTECTED
2025-08-22 14:41:02,601 - INFO - Organization 'terraform-provider-vra' (a45c8722-8b47-41bd-9c1a-3dc377e77024) belongs to different group - PROTECTED
2025-08-22 14:41:02,601 - INFO - Organization 'terraform-provider-vra7' (52050ef4-f925-4643-af05-a0b5d00554ca) belongs to different group - PROTECTED
2025-08-22 14:41:02,601 - INFO - Organization 'terraform-provider-vsphere' (9bf81974-f262-4e47-9172-205010dede1b) belongs to different group - PROTECTED
2025-08-22 14:41:02,601 - INFO - Organization 'terraform-provider-vultr' (c808fe09-2bb2-43c5-8cdd-66c38f08d9e6) belongs to different group - PROTECTED
2025-08-22 14:41:02,601 - INFO - Organization 'terstborker' (59f17cc9-4f6e-4fc7-85a2-cd36b2e8ea24) is in exclusion list - PROTECTED
2025-08-22 14:41:02,601 - INFO - Organization 'test' (6987202c-9b3c-477a-bbf9-7bae6d6e155f) is in exclusion list - PROTECTED
2025-08-22 14:41:02,601 - INFO - Organization 'testapicreateorg' (88264511-9281-46c5-9fc2-1338cf4149b1) is in exclusion list - PROTECTED
2025-08-22 14:41:02,601 - INFO - Organization 'test-github-stuff' (a0404f24-7990-42d2-b02c-50418cf6da08) is in exclusion list - PROTECTED
2025-08-22 14:41:02,601 - INFO - Organization 'testing' (bd8c177c-becd-4cfa-9f49-5c7023b8bc9f) is in exclusion list - PROTECTED
2025-08-22 14:41:02,601 - INFO - Organization 'testingdeletingproject' (ebb31aa9-76c7-4da3-b1ea-333654e636f4) belongs to different group - PROTECTED
2025-08-22 14:41:02,601 - INFO - Organization 'test org github' (ab011452-cb10-4963-864b-d19e6f4dabf2) belongs to different group - PROTECTED
2025-08-22 14:41:02,601 - INFO - Organization 'test-repo-1' (bca949ba-2f9b-4aca-828b-6e10034e242b) belongs to different group - PROTECTED
2025-08-22 14:41:02,601 - INFO - Organization 'test-repo-2' (63886e3d-a525-44de-884d-a60e2e1e83b4) belongs to different group - PROTECTED
2025-08-22 14:41:02,601 - INFO - Organization 'test-repo-3' (df783a9c-6871-465a-814b-9589e7b2e055) belongs to different group - PROTECTED
2025-08-22 14:41:02,601 - INFO - Organization 'test-repo-4' (8ec091cd-d4fe-4458-98da-3c6f2495bc70) belongs to different group - PROTECTED
2025-08-22 14:41:02,601 - INFO - Organization 'test-repo-5' (907c4fca-464a-4070-a1a9-0baa9d4c3f87) belongs to different group - PROTECTED
2025-08-22 14:41:02,601 - INFO - Organization 'test-repo-6' (c2ae20b0-8a43-4a96-9a81-95372bc1da94) belongs to different group - PROTECTED
2025-08-22 14:41:02,601 - INFO - Organization 'testrepodiff' (43ff5cb7-5da8-4f02-a536-f4bbe21a29c6) belongs to different group - PROTECTED
2025-08-22 14:41:02,601 - INFO - Organization 'test-repoo1' (7f35ca1b-f64b-4f45-88a1-e3354dab631a) belongs to different group - PROTECTED
2025-08-22 14:41:02,601 - INFO - Organization 'test-snyk-k8-controller' (87394b58-c6e5-4032-87d1-8b6c0eceb950) belongs to different group - PROTECTED
2025-08-22 14:41:02,601 - INFO - Organization 'tflint-ruleset-aws' (00387161-c0d6-4b9f-ab4d-a39732c0074e) belongs to different group - PROTECTED
2025-08-22 14:41:02,601 - INFO - Organization 'tsrobsworld' (b11d90cf-3ab2-4268-8332-f7a493c5d30a) belongs to different group - PROTECTED
2025-08-22 14:41:02,601 - INFO - Organization 'tsrobsworld/aaaaaaaaaaaaaaaaa..aaaaaaaaaaaaaaaaaaaaaaaaaaaaa' (1fec314b-ea58-46b3-bad6-384aebf2896a) belongs to different group - PROTECTED
2025-08-22 14:41:02,601 - INFO - Organization 'tsrobsworld/collect-snyk-csv-report' (3ad9d759-158d-4d3d-aae5-1daf17eecb9f) belongs to different group - PROTECTED
2025-08-22 14:41:02,601 - INFO - Organization 'tsrobsworld/count-snyk-code-vuln-by-line' (d4d5fdfd-d2ca-4f1f-a952-daed3c6ad231) belongs to different group - PROTECTED
2025-08-22 14:41:02,601 - INFO - Organization 'tsrobsworld/delete-snyk-projects' (e39ce35e-a1de-44ec-8559-a4c5547bdafa) belongs to different group - PROTECTED
2025-08-22 14:41:02,601 - INFO - Organization 'tsrobsworld/goof' (ecfef7fa-4966-4d86-a03c-54cee788f158) belongs to different group - PROTECTED
2025-08-22 14:41:02,601 - INFO - Organization 'tsrobsworld/goof_appsec' (e6610c97-9578-4aa3-b110-6f93a46c5df4) belongs to different group - PROTECTED
2025-08-22 14:41:02,601 - INFO - Organization 'tsrobsworld/java-goof-test' (1ef28276-a574-4c8a-b03f-70c4a7921ea9) belongs to different group - PROTECTED
2025-08-22 14:41:02,601 - INFO - Organization 'tsrobsworld/juice-shop' (a88748b9-d0c4-4bb0-b30f-d5ce42fe8b54) belongs to different group - PROTECTED
2025-08-22 14:41:02,601 - INFO - Organization 'tsrobsworld/juice-shop-goof' (52b7e159-95e5-4bf0-b3f8-78781022c669) belongs to different group - PROTECTED
2025-08-22 14:41:02,601 - INFO - Organization 'tsrobsworld/maximum-repositor..-go-ahead-and-make-it-longggg' (98ba4fe4-8a17-4b83-b1c2-be95259f4957) belongs to different group - PROTECTED
2025-08-22 14:41:02,601 - INFO - Organization 'tsrobsworld/nightmare' (d357feb3-845d-4eb1-8f47-529ec682c6f5) belongs to different group - PROTECTED
2025-08-22 14:41:02,601 - INFO - Organization 'tsrobsworld/snyk-scmrepo-to-snyk' (2e20cd75-f499-43b7-936d-54d5ba985389) belongs to different group - PROTECTED
2025-08-22 14:41:02,601 - INFO - Organization 'tsrobsworld/tag-snyk-project-with-github-default-branch' (0c30d87c-f933-432c-be9f-941dfa0c6796) belongs to different group - PROTECTED
2025-08-22 14:41:02,601 - INFO - Organization 'tsrobsworld/terraform-aws-labs' (00a2d053-24ff-4b06-b12d-288a09b4194d) belongs to different group - PROTECTED
2025-08-22 14:41:02,601 - INFO - Organization 'tsrobsworld/terraform-aws-snykbroker' (1f90ce54-2fcc-4bdd-95c8-96020371f988) belongs to different group - PROTECTED
2025-08-22 14:41:02,601 - INFO - Organization 'tsrobsworld/terraform-plugin-docs' (e05f0c36-2387-4189-867b-7ee54796a46a) belongs to different group - PROTECTED
2025-08-22 14:41:02,601 - INFO - Organization 'tsrobsworld/terraform-provider-acme' (395b3a9e-ca85-497d-b71f-34d04ecee9d0) belongs to different group - PROTECTED
2025-08-22 14:41:02,601 - INFO - Organization 'tsrobsworld/terraform-provider-ad' (6c50bd81-0cf0-4aa9-83fb-c10cfdbacfcb) belongs to different group - PROTECTED
2025-08-22 14:41:02,601 - INFO - Organization 'tsrobsworld/terraform-provider-ansible' (46ec9ee7-d630-4f4c-adda-cd5aebb1f12f) belongs to different group - PROTECTED
2025-08-22 14:41:02,601 - INFO - Organization 'tsrobsworld/terraform-provider-elasticsearch' (1589657a-64ff-4cba-b01d-958ae91b1d6e) belongs to different group - PROTECTED
2025-08-22 14:41:02,601 - INFO - Organization 'tsrobsworld/terraform-provider-fortios' (9174c862-b7c3-431c-8726-ee08fff0e3d1) belongs to different group - PROTECTED
2025-08-22 14:41:02,601 - INFO - Organization 'tsrobsworld/terraform-provider-hashicups' (5593cdb2-f82c-4c6a-b2ad-f94268d95bfa) belongs to different group - PROTECTED
2025-08-22 14:41:02,601 - INFO - Organization 'tsrobsworld/terraform-provider-heroku' (dc89171a-1375-4e41-bbf9-5bbddc3e4cae) belongs to different group - PROTECTED
2025-08-22 14:41:02,601 - INFO - Organization 'tsrobsworld/terraform-provider-hyperv' (c9e0056f-96e3-437e-a1f4-957a99325c22) belongs to different group - PROTECTED
2025-08-22 14:41:02,601 - INFO - Organization 'tsrobsworld/terraform-provider-onepassword' (6925a10d-9d17-49fc-ad63-645118850bb5) belongs to different group - PROTECTED
2025-08-22 14:41:02,601 - INFO - Organization 'tsrobsworld/terraform-provider-opsgenie' (e9aee9c7-86e7-4f9d-b7de-985a722abcd2) belongs to different group - PROTECTED
2025-08-22 14:41:02,602 - INFO - Organization 'tsrobsworld/terraform-provider-panos' (62f2082f-84be-4736-a18b-265e5e9bad0b) belongs to different group - PROTECTED
2025-08-22 14:41:02,602 - INFO - Organization 'tsrobsworld/terraform-provider-restapi' (42a9ff70-7fd3-4b1a-aac9-a50ab8cb7217) belongs to different group - PROTECTED
2025-08-22 14:41:02,602 - INFO - Organization 'tsrobsworld/terraform-provider-rundeck' (58cff774-2ff6-4987-ac55-625a20e658f0) belongs to different group - PROTECTED
2025-08-22 14:41:02,602 - INFO - Organization 'tsrobsworld/terraform-provider-sentry' (1f493986-c878-4777-96f0-ad8ea7b9bee9) belongs to different group - PROTECTED
2025-08-22 14:41:02,602 - INFO - Organization 'tsrobsworld/terraform-provider-signalfx' (141bf7e5-63bd-4a56-9aa4-4bd833c3aab4) belongs to different group - PROTECTED
2025-08-22 14:41:02,602 - INFO - Organization 'tsrobsworld/terraform-provider-spinnaker' (34fcbb21-28d7-453b-bb98-389707502feb) belongs to different group - PROTECTED
2025-08-22 14:41:02,602 - INFO - Organization 'tsrobsworld/terraform-provider-stripe' (cc53fca9-1560-47d0-9311-5fb749723970) belongs to different group - PROTECTED
2025-08-22 14:41:02,602 - INFO - Organization 'tsrobsworld/terraform-provider-virtualbox' (93827696-d55a-4be5-b7e6-70defec06b1b) belongs to different group - PROTECTED
2025-08-22 14:41:02,602 - INFO - Organization 'tsrobsworld/terraform-provider-vra7' (b1152a8c-90a9-4e4c-abbe-963f2f8c57f9) belongs to different group - PROTECTED
2025-08-22 14:41:02,602 - INFO - Organization 'tsrobsworld/test' (189ca11a-5e98-4b0e-9587-f178cec08f92) belongs to different group - PROTECTED
2025-08-22 14:41:02,602 - INFO - Organization 'tsrobsworld/TheLongestReposit..oUseGithubPagesBecauseItsGood' (b64ed0c2-b7fb-4f68-bbd3-968456a71192) belongs to different group - PROTECTED
2025-08-22 14:41:02,602 - INFO - Organization 'tsrobsworld/this.is.myattemptto.create.averylong.reponame' (ab9c77cc-3add-4aa2-866a-6bb7a5e76a58) belongs to different group - PROTECTED
2025-08-22 14:41:02,602 - INFO - Organization 'tsrobsworld/web-scripts' (c668d40f-b046-4771-89af-e5983a3320d2) belongs to different group - PROTECTED
2025-08-22 14:41:02,602 - INFO - Organization 'TSRobworld' (aeb41967-3ac9-4c3e-a54a-8e738f192712) belongs to different group - PROTECTED
2025-08-22 14:41:02,602 - INFO - Organization 'TSRobworld/cpp-goof' (8a2413a6-2ed6-4a2d-b862-56fd2632bdfa) belongs to different group - PROTECTED
2025-08-22 14:41:02,604 - INFO - Organization 'TSRobworld/goof' (fdf4ee56-aead-44a6-907e-bdc320425957) belongs to different group - PROTECTED
2025-08-22 14:41:02,604 - INFO - Organization 'TSRobworld/gradle-simple' (6fd9ea40-671d-4b21-b413-6306882aa28d) belongs to different group - PROTECTED
2025-08-22 14:41:02,604 - INFO - Organization 'TSRobworld/java-goof-test' (67c2dc49-5c34-44b8-99d1-bb94755fae1c) belongs to different group - PROTECTED
2025-08-22 14:41:02,604 - INFO - Organization 'TSRobworld/juice-shop' (8ab96639-e82a-46ba-89e7-d5b049479580) belongs to different group - PROTECTED
2025-08-22 14:41:02,604 - INFO - Organization 'TSRobworld/terraform-aws-labs' (66c0d57a-dce8-43ad-8b17-bac38909ad53) belongs to different group - PROTECTED
2025-08-22 14:41:02,604 - INFO - Organization 'TSRobworld/terraform-aws-snykbroker' (15eff878-8997-4337-b47e-88c92c856a97) belongs to different group - PROTECTED
2025-08-22 14:41:02,604 - INFO - Organization 'TSRobworld/terraform-plugin-docs' (bcf2b5e5-42d8-4e03-9553-7433aae013ad) belongs to different group - PROTECTED
2025-08-22 14:41:02,605 - INFO - Organization 'TSRobworld/terraform-plugin-framework' (91a46605-84ec-4967-ac66-2c9754e4def2) belongs to different group - PROTECTED
2025-08-22 14:41:02,605 - INFO - Organization 'TSRobworld/terraform-plugin-sdk' (460458d4-1af5-4ccb-a257-a035ec8f47ad) belongs to different group - PROTECTED
2025-08-22 14:41:02,605 - INFO - Organization 'TSRobworld/terraform-provider-acme' (578d526e-c1f5-4a61-a795-9d9b8408a11c) belongs to different group - PROTECTED
2025-08-22 14:41:02,605 - INFO - Organization 'TSRobworld/terraform-provider-ad' (7f403874-7b11-4b2f-8943-fa69bcf97056) belongs to different group - PROTECTED
2025-08-22 14:41:02,605 - INFO - Organization 'TSRobworld/terraform-provider-aiven' (025d5405-66d3-44c4-bebd-0ccdb42441fa) belongs to different group - PROTECTED
2025-08-22 14:41:02,605 - INFO - Organization 'TSRobworld/terraform-provider-akamai' (4176e3c6-0c30-4646-a2eb-ddaff293ac10) belongs to different group - PROTECTED
2025-08-22 14:41:02,605 - INFO - Organization 'TSRobworld/terraform-provider-alicloud' (f1fe60f6-5253-4ca0-8520-bbf7fe961d1b) belongs to different group - PROTECTED
2025-08-22 14:41:02,605 - INFO - Organization 'TSRobworld/terraform-provider-ansible' (6ec26317-6da6-4b6e-85a0-0717f7105420) belongs to different group - PROTECTED
2025-08-22 14:41:02,605 - INFO - Organization 'TSRobworld/terraform-provider-argocd' (6a9ceb45-9108-4878-8164-5461d93e7d7d) belongs to different group - PROTECTED
2025-08-22 14:41:02,605 - INFO - Organization 'TSRobworld/terraform-provider-artifactory' (89c40b10-85fe-4a92-873a-a7bf64d0bf2e) belongs to different group - PROTECTED
2025-08-22 14:41:02,605 - INFO - Organization 'TSRobworld/terraform-provider-auth0' (bd1b37de-217b-4537-b270-16014f0c807c) belongs to different group - PROTECTED
2025-08-22 14:41:02,605 - INFO - Organization 'TSRobworld/terraform-provider-aws' (e8474800-4cb5-4901-a0b3-0ed989bcd1a3) belongs to different group - PROTECTED
2025-08-22 14:41:02,605 - INFO - Organization 'TSRobworld/terraform-provider-awscc' (2c4c7758-5e35-4b8a-bd69-6bced17b7fc2) belongs to different group - PROTECTED
2025-08-22 14:41:02,605 - INFO - Organization 'TSRobworld/terraform-provider-azuread' (91c36632-f342-41d4-b762-21c2fcb4db66) belongs to different group - PROTECTED
2025-08-22 14:41:02,605 - INFO - Organization 'TSRobworld/terraform-provider-azurecaf' (41694481-c699-49c6-9879-8c9121b18e1a) belongs to different group - PROTECTED
2025-08-22 14:41:02,605 - INFO - Organization 'TSRobworld/terraform-provider-azuredevops' (cd01f122-0a6e-49bd-a89b-c49fae76d1cb) belongs to different group - PROTECTED
2025-08-22 14:41:02,605 - INFO - Organization 'TSRobworld/terraform-provider-azurerm' (e382a816-1d06-439f-8bae-9d44be90cca8) belongs to different group - PROTECTED
2025-08-22 14:41:02,605 - INFO - Organization 'TSRobworld/terraform-provider-azurestack' (b890a647-05f4-458b-8bed-68317a9e7b50) belongs to different group - PROTECTED
2025-08-22 14:41:02,605 - INFO - Organization 'TSRobworld/terraform-provider-bigip' (38c2d2a6-1c9f-4c90-9a1d-4ee4cf28290c) belongs to different group - PROTECTED
2025-08-22 14:41:02,605 - INFO - Organization 'TSRobworld/terraform-provider-boundary' (1208ccfe-6e0d-4f4f-8d63-3b0338a13e94) belongs to different group - PROTECTED
2025-08-22 14:41:02,605 - INFO - Organization 'TSRobworld/terraform-provider-citrixadc' (1b2d47fb-7d9e-4695-9ee7-22a4306aafa1) belongs to different group - PROTECTED
2025-08-22 14:41:02,605 - INFO - Organization 'TSRobworld/terraform-provider-civo' (bd5848c1-75b9-414e-89e8-1e8b0ec04b49) belongs to different group - PROTECTED
2025-08-22 14:41:02,605 - INFO - Organization 'TSRobworld/terraform-provider-cloudamqp' (fc51978c-50f6-4275-970a-6b6ff9f41087) belongs to different group - PROTECTED
2025-08-22 14:41:02,605 - INFO - Organization 'TSRobworld/terraform-provider-cloudflare' (bcc268bc-48b8-46e4-b475-bf7956151be3) belongs to different group - PROTECTED
2025-08-22 14:41:02,605 - INFO - Organization 'TSRobworld/terraform-provider-cloudfoundry' (b13bf933-d5d3-4d23-a661-da28a61189e1) belongs to different group - PROTECTED
2025-08-22 14:41:02,605 - INFO - Organization 'TSRobworld/terraform-provider-confluent' (9976e06f-36dc-41b0-a017-59f8caf0532d) belongs to different group - PROTECTED
2025-08-22 14:41:02,605 - INFO - Organization 'TSRobworld/terraform-provider-consul' (c4ce96f8-965b-46e1-8051-87b26c407a99) belongs to different group - PROTECTED
2025-08-22 14:41:02,605 - INFO - Organization 'TSRobworld/terraform-provider-databricks' (daf751ae-8333-4167-82e3-776792a4b866) belongs to different group - PROTECTED
2025-08-22 14:41:02,605 - INFO - Organization 'TSRobworld/terraform-provider-datadog' (6de7e61c-b7f0-49d0-b4ae-e021d6173bc3) belongs to different group - PROTECTED
2025-08-22 14:41:02,605 - INFO - Organization 'TSRobworld/terraform-provider-digitalocean' (659bb055-0f33-4a08-8a2d-8aaf3c27e4b9) belongs to different group - PROTECTED
2025-08-22 14:41:02,605 - INFO - Organization 'TSRobworld/terraform-provider-dns' (86cae9aa-ddb3-4353-ac03-930c67883e15) belongs to different group - PROTECTED
2025-08-22 14:41:02,605 - INFO - Organization 'TSRobworld/terraform-provider-docker' (b78db288-d401-4871-b555-e86a1f412154) belongs to different group - PROTECTED
2025-08-22 14:41:02,605 - INFO - Organization 'TSRobworld/terraform-provider-ec' (e8af1315-6550-45de-8632-7e6adbf6b7fd) belongs to different group - PROTECTED
2025-08-22 14:41:02,605 - INFO - Organization 'TSRobworld/terraform-provider-elasticsearch' (6dd56de1-cbc3-4460-b33a-816957f7ef4a) belongs to different group - PROTECTED
2025-08-22 14:41:02,605 - INFO - Organization 'TSRobworld/terraform-provider-elasticstack' (a113fe09-a58b-4f07-84e9-9930f8ace964) belongs to different group - PROTECTED
2025-08-22 14:41:02,605 - INFO - Organization 'TSRobworld/terraform-provider-esxi' (b38f1fd3-b34c-4932-bbca-f6fe697e7979) belongs to different group - PROTECTED
2025-08-22 14:41:02,605 - INFO - Organization 'TSRobworld/terraform-provider-external' (fc0ae434-8439-4c4e-85c7-d4bb75785744) belongs to different group - PROTECTED
2025-08-22 14:41:02,605 - INFO - Organization 'TSRobworld/terraform-provider-flux' (1c28674e-a88b-453e-80d1-a40d3be01f1f) belongs to different group - PROTECTED
2025-08-22 14:41:02,605 - INFO - Organization 'TSRobworld/terraform-provider-fortios' (4ba78e6b-75c9-4ce6-8f87-929d70c213b8) belongs to different group - PROTECTED
2025-08-22 14:41:02,605 - INFO - Organization 'TSRobworld/terraform-provider-github' (9ddd6539-9256-4fa4-8150-9834d79855c3) belongs to different group - PROTECTED
2025-08-22 14:41:02,605 - INFO - Organization 'TSRobworld/terraform-provider-gitlab' (22549779-29e3-4314-8aee-7b2ca775fa65) belongs to different group - PROTECTED
2025-08-22 14:41:02,605 - INFO - Organization 'TSRobworld/terraform-provider-google' (801428f3-4ed2-4474-b29b-16f24082b626) belongs to different group - PROTECTED
2025-08-22 14:41:02,605 - INFO - Organization 'TSRobworld/terraform-provider-google-beta' (e2038960-3e96-499e-b406-cefad9a55e7b) belongs to different group - PROTECTED
2025-08-22 14:41:02,605 - INFO - Organization 'TSRobworld/terraform-provider-googleworkspace' (b5801edd-2580-4c1c-8cd7-55fb331670a8) belongs to different group - PROTECTED
2025-08-22 14:41:02,605 - INFO - Organization 'TSRobworld/terraform-provider-grafana' (b805ab89-fc8b-4959-9d9a-12f0b7b1b671) belongs to different group - PROTECTED
2025-08-22 14:41:02,605 - INFO - Organization 'TSRobworld/terraform-provider-harbor' (e7e95701-8b24-46e4-acf4-a996bc3fc9ed) belongs to different group - PROTECTED
2025-08-22 14:41:02,605 - INFO - Organization 'TSRobworld/terraform-provider-hashicups' (13337836-b8bd-42f4-b2a7-791a4d78c49d) belongs to different group - PROTECTED
2025-08-22 14:41:02,605 - INFO - Organization 'TSRobworld/terraform-provider-hcp' (68a6a7e7-0e8b-4654-b322-413910ccc160) belongs to different group - PROTECTED
2025-08-22 14:41:02,605 - INFO - Organization 'TSRobworld/terraform-provider-helm' (620953be-4c43-42f5-a9fe-fd584a230a95) belongs to different group - PROTECTED
2025-08-22 14:41:02,605 - INFO - Organization 'TSRobworld/terraform-provider-heroku' (f320d987-b329-4737-82a0-daf3d88b33ad) belongs to different group - PROTECTED
2025-08-22 14:41:02,605 - INFO - Organization 'TSRobworld/terraform-provider-http' (cf716c57-e0b4-49e3-a33b-f5c54aadcd82) belongs to different group - PROTECTED
2025-08-22 14:41:02,605 - INFO - Organization 'TSRobworld/terraform-provider-huaweicloud' (0e951113-5889-4ee2-adbc-66eca6c06224) belongs to different group - PROTECTED
2025-08-22 14:41:02,605 - INFO - Organization 'TSRobworld/terraform-provider-hyperv' (5f26bb25-61b9-4401-8564-fe2815d8cccc) belongs to different group - PROTECTED
2025-08-22 14:41:02,606 - INFO - Organization 'TSRobworld/terraform-provider-ibm' (a40ff9ce-de2a-4131-8ac8-f146be709c0b) belongs to different group - PROTECTED
2025-08-22 14:41:02,606 - INFO - Organization 'TSRobworld/terraform-provider-iterative' (bffcb95c-6a5e-4bee-8ab8-3b94d5f7065d) belongs to different group - PROTECTED
2025-08-22 14:41:02,606 - INFO - Organization 'TSRobworld/terraform-provider-jira' (4581b08f-5f1f-4f07-affa-7ed9a454b018) belongs to different group - PROTECTED
2025-08-22 14:41:02,606 - INFO - Organization 'TSRobworld/terraform-provider-kafka' (731993bc-7f27-4ddf-8e72-8b6b4a14e5dc) belongs to different group - PROTECTED
2025-08-22 14:41:02,606 - INFO - Organization 'TSRobworld/terraform-provider-keycloak' (96df5734-d7c0-4d62-b6fb-d09d9ff8a7db) belongs to different group - PROTECTED
2025-08-22 14:41:02,606 - INFO - Organization 'TSRobworld/terraform-provider-kubernetes' (214849ab-f956-4806-87d0-a05979d52f57) belongs to different group - PROTECTED
2025-08-22 14:41:02,606 - INFO - Organization 'TSRobworld/terraform-provider-kustomization' (23a9b7a5-42ca-4c80-abc5-3d5b84f41346) belongs to different group - PROTECTED
2025-08-22 14:41:02,606 - INFO - Organization 'TSRobworld/terraform-provider-libvirt' (476a36f3-7af9-44e9-8818-fd09143f1633) belongs to different group - PROTECTED
2025-08-22 14:41:02,606 - INFO - Organization 'TSRobworld/terraform-provider-linode' (154a4b53-54a8-436c-a9b9-1e7f6e60be60) belongs to different group - PROTECTED
2025-08-22 14:41:02,606 - INFO - Organization 'TSRobworld/terraform-provider-local' (95d6ac74-32f2-47d4-8647-18561089a3ad) belongs to different group - PROTECTED
2025-08-22 14:41:02,606 - INFO - Organization 'TSRobworld/terraform-provider-lxd' (ba232918-f96c-44be-a20a-870238072d1f) belongs to different group - PROTECTED
2025-08-22 14:41:02,606 - INFO - Organization 'TSRobworld/terraform-provider-mongodbatlas' (b259e5a0-401e-4313-8132-830852b083f1) belongs to different group - PROTECTED
2025-08-22 14:41:02,606 - INFO - Organization 'TSRobworld/terraform-provider-newrelic' (5d03595e-d824-4767-bdc6-475fa9dc84c8) belongs to different group - PROTECTED
2025-08-22 14:41:02,606 - INFO - Organization 'TSRobworld/terraform-provider-nomad' (7786cde2-807d-4de0-a68f-723e4b8d41ce) belongs to different group - PROTECTED
2025-08-22 14:41:02,606 - INFO - Organization 'TSRobworld/terraform-provider-null' (3d6eef60-be4f-4a65-b3f5-e2f67df299b7) belongs to different group - PROTECTED
2025-08-22 14:41:02,606 - INFO - Organization 'TSRobworld/terraform-provider-nutanix' (de976f52-4937-4ae3-85ac-6dce6e37f8c5) belongs to different group - PROTECTED
2025-08-22 14:41:02,606 - INFO - Organization 'TSRobworld/terraform-provider-oci' (d5374405-7dc3-407c-8fe7-2faa60a52671) belongs to different group - PROTECTED
2025-08-22 14:41:02,606 - INFO - Organization 'TSRobworld/terraform-provider-octopusdeploy' (af2d82fc-fcc6-463b-9324-333a5e264792) belongs to different group - PROTECTED
2025-08-22 14:41:02,606 - INFO - Organization 'TSRobworld/terraform-provider-okta' (251c120d-680f-472c-b597-b826c5280fc0) belongs to different group - PROTECTED
2025-08-22 14:41:02,606 - INFO - Organization 'TSRobworld/terraform-provider-onepassword' (7ded3eac-2ea5-4842-bf39-7d6358e8a2f1) belongs to different group - PROTECTED
2025-08-22 14:41:02,606 - INFO - Organization 'TSRobworld/terraform-provider-opennebula' (f430f2d2-ec00-4357-bf6e-adbea4d7bc28) belongs to different group - PROTECTED
2025-08-22 14:41:02,606 - INFO - Organization 'TSRobworld/terraform-provider-openstack' (2322350e-263a-4b63-85af-2bc8bc2b34bd) belongs to different group - PROTECTED
2025-08-22 14:41:02,606 - INFO - Organization 'TSRobworld/terraform-provider-opsgenie' (1a1ca756-5827-4148-bbf0-8cc00cf67337) belongs to different group - PROTECTED
2025-08-22 14:41:02,606 - INFO - Organization 'TSRobworld/terraform-provider-ovh' (1e8ec973-3d08-4086-860d-2802cad67503) belongs to different group - PROTECTED
2025-08-22 14:41:02,606 - INFO - Organization 'TSRobworld/terraform-provider-pagerduty' (5aab3e01-411f-452d-8d37-41239fd99ef8) belongs to different group - PROTECTED
2025-08-22 14:41:02,606 - INFO - Organization 'TSRobworld/terraform-provider-panos' (8bc83c55-30f8-4b1c-9dca-dfcb8ff7bfe1) belongs to different group - PROTECTED
2025-08-22 14:41:02,606 - INFO - Organization 'TSRobworld/terraform-provider-postgresql' (a7dd5da2-ce3f-4631-995e-f628e9cba95e) belongs to different group - PROTECTED
2025-08-22 14:41:02,606 - INFO - Organization 'TSRobworld/terraform-provider-prismacloud' (b4ca5eb4-1b81-4004-8b5a-d9a576886fd5) belongs to different group - PROTECTED
2025-08-22 14:41:02,606 - INFO - Organization 'TSRobworld/terraform-provider-rancher2' (b4412195-930d-4c28-80ad-071cacd7ac6c) belongs to different group - PROTECTED
2025-08-22 14:41:02,606 - INFO - Organization 'TSRobworld/terraform-provider-random' (1a0bc7ff-ddea-48ab-b4fc-89828ac48982) belongs to different group - PROTECTED
2025-08-22 14:41:02,606 - INFO - Organization 'TSRobworld/terraform-provider-restapi' (1dc577f9-4210-45e1-88d1-d8b88bce362b) belongs to different group - PROTECTED
2025-08-22 14:41:02,606 - INFO - Organization 'TSRobworld/terraform-provider-rke' (ad736d68-81af-458e-a3d6-008ed6241026) belongs to different group - PROTECTED
2025-08-22 14:41:02,606 - INFO - Organization 'TSRobworld/terraform-provider-rundeck' (5c31b243-be7b-4765-8f90-91c582eeed44) belongs to different group - PROTECTED
2025-08-22 14:41:02,606 - INFO - Organization 'TSRobworld/terraform-provider-scaffolding-framework' (de93416e-4b60-4d51-a15f-a884d88f201c) belongs to different group - PROTECTED
2025-08-22 14:41:02,606 - INFO - Organization 'TSRobworld/terraform-provider-scaleway' (c48375bf-4091-4cdb-ac8f-80005350841f) belongs to different group - PROTECTED
2025-08-22 14:41:02,606 - INFO - Organization 'TSRobworld/terraform-provider-sentry' (532e03b3-d665-401d-b1a2-c738d8a1a479) belongs to different group - PROTECTED
2025-08-22 14:41:02,606 - INFO - Organization 'TSRobworld/terraform-provider-signalfx' (55e75b50-29e9-4005-93be-3d0ea367fb6c) belongs to different group - PROTECTED
2025-08-22 14:41:02,606 - INFO - Organization 'TSRobworld/terraform-provider-snowflake' (9a921a69-2b14-4473-bda5-89f01b02eade) belongs to different group - PROTECTED
2025-08-22 14:41:02,606 - INFO - Organization 'TSRobworld/terraform-provider-spinnaker' (6eb4ac51-c96a-4500-a7f4-6c1b98e423c7) belongs to different group - PROTECTED
2025-08-22 14:41:02,606 - INFO - Organization 'TSRobworld/terraform-provider-splunk' (4a976e94-9919-4b2f-a7f0-d3bb1f2b6057) belongs to different group - PROTECTED
2025-08-22 14:41:02,606 - INFO - Organization 'TSRobworld/terraform-provider-stripe' (34645287-3586-4001-a27a-196e47c694bf) belongs to different group - PROTECTED
2025-08-22 14:41:02,606 - INFO - Organization 'TSRobworld/terraform-provider-sumologic' (83621125-5bf5-4904-96fa-7803fb2552f7) belongs to different group - PROTECTED
2025-08-22 14:41:02,606 - INFO - Organization 'TSRobworld/terraform-provider-sysdig' (78f14a8a-fdc1-4e34-b911-0c14f3a4fc11) belongs to different group - PROTECTED
2025-08-22 14:41:02,606 - INFO - Organization 'TSRobworld/terraform-provider-tencentcloud' (25eecb5c-72ea-4e3e-9433-3fcf29fd0af6) belongs to different group - PROTECTED
2025-08-22 14:41:02,607 - INFO - Organization 'TSRobworld/terraform-provider-tfe' (4aa974d3-834b-4f55-b061-374d53510c9c) belongs to different group - PROTECTED
2025-08-22 14:41:02,607 - INFO - Organization 'TSRobworld/terraform-provider-tls' (49e433a2-bd98-4e88-826f-4814738bfe0a) belongs to different group - PROTECTED
2025-08-22 14:41:02,607 - INFO - Organization 'TSRobworld/terraform-provider-upcloud' (8375cfc9-6345-4b00-831a-ae228f934950) belongs to different group - PROTECTED
2025-08-22 14:41:02,607 - INFO - Organization 'TSRobworld/terraform-provider-vault' (67c83472-4814-404f-be83-d0aa41f05b5c) belongs to different group - PROTECTED
2025-08-22 14:41:02,607 - INFO - Organization 'TSRobworld/terraform-provider-vcd' (4242195c-3b16-4daa-8b17-19cd5a89040e) belongs to different group - PROTECTED
2025-08-22 14:41:02,607 - INFO - Organization 'TSRobworld/terraform-provider-virtualbox' (fcaaa33e-0cae-422b-892c-b35fcf1bae2e) belongs to different group - PROTECTED
2025-08-22 14:41:02,607 - INFO - Organization 'TSRobworld/terraform-provider-vra' (287d8b78-45e6-464b-bb5f-8e91dbc846c2) belongs to different group - PROTECTED
2025-08-22 14:41:02,607 - INFO - Organization 'TSRobworld/terraform-provider-vra7' (280ceec6-f025-4025-b2e1-a43130fda250) belongs to different group - PROTECTED
2025-08-22 14:41:02,607 - INFO - Organization 'TSRobworld/terraform-provider-vsphere' (776159bd-e6da-4e20-a7d1-8b7208c6404a) belongs to different group - PROTECTED
2025-08-22 14:41:02,607 - INFO - Organization 'TSRobworld/terraform-provider-vultr' (0db953bf-a55a-4f58-895c-74e3ee14973c) belongs to different group - PROTECTED
2025-08-22 14:41:02,607 - INFO - Organization 'TSRobworld/tflint-ruleset-aws' (13f8fa18-149a-44d5-bbdf-7f08a1c29457) belongs to different group - PROTECTED
2025-08-22 14:41:02,607 - INFO - Organization 'web-scripts' (e6bfaf5c-c04b-4c5e-b76d-7abdbe32ea4f) belongs to different group - PROTECTED
